<?xml version="1.0" encoding="UTF-8"?>
<testsuite name="org.zerock.board.service.ReplyServiceTest" tests="1" skipped="0" failures="0" errors="0" timestamp="2021-05-01T12:20:43" hostname="jeondaewon-ui-MacBookAir.local" time="0.258">
  <properties/>
  <testcase name="testGetList()" classname="org.zerock.board.service.ReplyServiceTest" time="0.258"/>
  <system-out><![CDATA[21:20:30.726 [Test worker] DEBUG org.springframework.test.context.BootstrapUtils - Instantiating CacheAwareContextLoaderDelegate from class [org.springframework.test.context.cache.DefaultCacheAwareContextLoaderDelegate]
21:20:30.737 [Test worker] DEBUG org.springframework.test.context.BootstrapUtils - Instantiating BootstrapContext using constructor [public org.springframework.test.context.support.DefaultBootstrapContext(java.lang.Class,org.springframework.test.context.CacheAwareContextLoaderDelegate)]
21:20:30.778 [Test worker] DEBUG org.springframework.test.context.BootstrapUtils - Instantiating TestContextBootstrapper for test class [org.zerock.board.service.ReplyServiceTest] from class [org.springframework.boot.test.context.SpringBootTestContextBootstrapper]
21:20:30.827 [Test worker] INFO org.springframework.boot.test.context.SpringBootTestContextBootstrapper - Neither @ContextConfiguration nor @ContextHierarchy found for test class [org.zerock.board.service.ReplyServiceTest], using SpringBootContextLoader
21:20:30.834 [Test worker] DEBUG org.springframework.test.context.support.AbstractContextLoader - Did not detect default resource location for test class [org.zerock.board.service.ReplyServiceTest]: class path resource [org/zerock/board/service/ReplyServiceTest-context.xml] does not exist
21:20:30.835 [Test worker] DEBUG org.springframework.test.context.support.AbstractContextLoader - Did not detect default resource location for test class [org.zerock.board.service.ReplyServiceTest]: class path resource [org/zerock/board/service/ReplyServiceTestContext.groovy] does not exist
21:20:30.835 [Test worker] INFO org.springframework.test.context.support.AbstractContextLoader - Could not detect default resource locations for test class [org.zerock.board.service.ReplyServiceTest]: no resource found for suffixes {-context.xml, Context.groovy}.
21:20:30.836 [Test worker] INFO org.springframework.test.context.support.AnnotationConfigContextLoaderUtils - Could not detect default configuration classes for test class [org.zerock.board.service.ReplyServiceTest]: ReplyServiceTest does not declare any static, non-private, non-final, nested classes annotated with @Configuration.
21:20:30.904 [Test worker] DEBUG org.springframework.test.context.support.ActiveProfilesUtils - Could not find an 'annotation declaring class' for annotation type [org.springframework.test.context.ActiveProfiles] and class [org.zerock.board.service.ReplyServiceTest]
21:20:30.991 [Test worker] DEBUG org.springframework.context.annotation.ClassPathScanningCandidateComponentProvider - Identified candidate component class: file [/Users/daewon/IdeaProjects/board/build/classes/java/main/org/zerock/board/BoardApplication.class]
21:20:30.993 [Test worker] INFO org.springframework.boot.test.context.SpringBootTestContextBootstrapper - Found @SpringBootConfiguration org.zerock.board.BoardApplication for test class org.zerock.board.service.ReplyServiceTest
21:20:31.087 [Test worker] DEBUG org.springframework.boot.test.context.SpringBootTestContextBootstrapper - @TestExecutionListeners is not present for class [org.zerock.board.service.ReplyServiceTest]: using defaults.
21:20:31.088 [Test worker] INFO org.springframework.boot.test.context.SpringBootTestContextBootstrapper - Loaded default TestExecutionListener class names from location [META-INF/spring.factories]: [org.springframework.boot.test.autoconfigure.restdocs.RestDocsTestExecutionListener, org.springframework.boot.test.autoconfigure.web.client.MockRestServiceServerResetTestExecutionListener, org.springframework.boot.test.autoconfigure.web.servlet.MockMvcPrintOnlyOnFailureTestExecutionListener, org.springframework.boot.test.autoconfigure.web.servlet.WebDriverTestExecutionListener, org.springframework.boot.test.autoconfigure.webservices.client.MockWebServiceServerTestExecutionListener, org.springframework.boot.test.mock.mockito.MockitoTestExecutionListener, org.springframework.boot.test.mock.mockito.ResetMocksTestExecutionListener, org.springframework.test.context.web.ServletTestExecutionListener, org.springframework.test.context.support.DirtiesContextBeforeModesTestExecutionListener, org.springframework.test.context.event.ApplicationEventsTestExecutionListener, org.springframework.test.context.support.DependencyInjectionTestExecutionListener, org.springframework.test.context.support.DirtiesContextTestExecutionListener, org.springframework.test.context.transaction.TransactionalTestExecutionListener, org.springframework.test.context.jdbc.SqlScriptsTestExecutionListener, org.springframework.test.context.event.EventPublishingTestExecutionListener]
21:20:31.104 [Test worker] INFO org.springframework.boot.test.context.SpringBootTestContextBootstrapper - Using TestExecutionListeners: [org.springframework.test.context.web.ServletTestExecutionListener@2f9a2f88, org.springframework.test.context.support.DirtiesContextBeforeModesTestExecutionListener@2cad613b, org.springframework.test.context.event.ApplicationEventsTestExecutionListener@7d9f79ce, org.springframework.boot.test.mock.mockito.MockitoTestExecutionListener@3b59d127, org.springframework.boot.test.autoconfigure.SpringBootDependencyInjectionTestExecutionListener@45414fab, org.springframework.test.context.support.DirtiesContextTestExecutionListener@2225a81, org.springframework.test.context.transaction.TransactionalTestExecutionListener@4751202, org.springframework.test.context.jdbc.SqlScriptsTestExecutionListener@71d03b42, org.springframework.test.context.event.EventPublishingTestExecutionListener@3ea30ec4, org.springframework.boot.test.autoconfigure.restdocs.RestDocsTestExecutionListener@2ec5bdc3, org.springframework.boot.test.autoconfigure.web.client.MockRestServiceServerResetTestExecutionListener@20c5f1b, org.springframework.boot.test.autoconfigure.web.servlet.MockMvcPrintOnlyOnFailureTestExecutionListener@72767e33, org.springframework.boot.test.autoconfigure.web.servlet.WebDriverTestExecutionListener@54058b97, org.springframework.boot.test.autoconfigure.webservices.client.MockWebServiceServerTestExecutionListener@572d1f71, org.springframework.boot.test.mock.mockito.ResetMocksTestExecutionListener@37b97608]
21:20:31.107 [Test worker] DEBUG org.springframework.test.context.support.AbstractDirtiesContextTestExecutionListener - Before test class: context [DefaultTestContext@433b2880 testClass = ReplyServiceTest, testInstance = [null], testMethod = [null], testException = [null], mergedContextConfiguration = [WebMergedContextConfiguration@10c7baca testClass = ReplyServiceTest, locations = '{}', classes = '{class org.zerock.board.BoardApplication}', contextInitializerClasses = '[]', activeProfiles = '{}', propertySourceLocations = '{}', propertySourceProperties = '{org.springframework.boot.test.context.SpringBootTestContextBootstrapper=true}', contextCustomizers = set[org.springframework.boot.test.autoconfigure.actuate.metrics.MetricsExportContextCustomizerFactory$DisableMetricExportContextCustomizer@3a6ee0e1, org.springframework.boot.test.autoconfigure.properties.PropertyMappingContextCustomizer@0, org.springframework.boot.test.autoconfigure.web.servlet.WebDriverContextCustomizerFactory$Customizer@3d724d12, org.springframework.boot.test.context.filter.ExcludeFilterContextCustomizer@21a76815, org.springframework.boot.test.json.DuplicateJsonObjectContextCustomizerFactory$DuplicateJsonObjectContextCustomizer@7e3ecc54, org.springframework.boot.test.mock.mockito.MockitoContextCustomizer@0, org.springframework.boot.test.web.client.TestRestTemplateContextCustomizer@7e25abd8, org.springframework.boot.test.context.SpringBootTestArgs@1, org.springframework.boot.test.context.SpringBootTestWebEnvironment@6db547a8], resourceBasePath = 'src/main/webapp', contextLoader = 'org.springframework.boot.test.context.SpringBootContextLoader', parent = [null]], attributes = map['org.springframework.test.context.web.ServletTestExecutionListener.activateListener' -> true]], class annotated with @DirtiesContext [false] with mode [null].
21:20:31.150 [Test worker] DEBUG org.springframework.test.context.support.TestPropertySourceUtils - Adding inlined properties to environment: {spring.jmx.enabled=false, org.springframework.boot.test.context.SpringBootTestContextBootstrapper=true}

  .   ____          _            __ _ _
 /\\ / ___'_ __ _ _(_)_ __  __ _ \ \ \ \
( ( )\___ | '_ | '_| | '_ \/ _` | \ \ \ \
 \\/  ___)| |_)| | | | | || (_| |  ) ) ) )
  '  |____| .__|_| |_|_| |_\__, | / / / /
 =========|_|==============|___/=/_/_/_/
 :: Spring Boot ::                (v2.4.5)

2021-05-01 21:20:36.647  INFO 1467 --- [    Test worker] o.zerock.board.service.ReplyServiceTest  : Starting ReplyServiceTest using Java 11.0.10 on jeondaewon-ui-MacBookAir.local with PID 1467 (started by daewon in /Users/daewon/IdeaProjects/board)
2021-05-01 21:20:36.656  INFO 1467 --- [    Test worker] o.zerock.board.service.ReplyServiceTest  : No active profile set, falling back to default profiles: default
2021-05-01 21:20:37.731  INFO 1467 --- [    Test worker] .s.d.r.c.RepositoryConfigurationDelegate : Bootstrapping Spring Data JPA repositories in DEFAULT mode.
2021-05-01 21:20:37.841  INFO 1467 --- [    Test worker] .s.d.r.c.RepositoryConfigurationDelegate : Finished Spring Data repository scanning in 103 ms. Found 3 JPA repository interfaces.
2021-05-01 21:20:38.950  INFO 1467 --- [    Test worker] o.hibernate.jpa.internal.util.LogHelper  : HHH000204: Processing PersistenceUnitInfo [name: default]
2021-05-01 21:20:38.995  INFO 1467 --- [    Test worker] org.hibernate.Version                    : HHH000412: Hibernate ORM core version 5.4.30.Final
2021-05-01 21:20:39.126  INFO 1467 --- [    Test worker] o.hibernate.annotations.common.Version   : HCANN000001: Hibernate Commons Annotations {5.1.2.Final}
2021-05-01 21:20:39.224  INFO 1467 --- [    Test worker] com.zaxxer.hikari.HikariDataSource       : HikariPool-1 - Starting...
2021-05-01 21:20:39.657  INFO 1467 --- [    Test worker] com.zaxxer.hikari.HikariDataSource       : HikariPool-1 - Start completed.
2021-05-01 21:20:39.683  INFO 1467 --- [    Test worker] org.hibernate.dialect.Dialect            : HHH000400: Using dialect: org.hibernate.dialect.MySQL8Dialect
2021-05-01 21:20:40.769  INFO 1467 --- [    Test worker] o.h.e.t.j.p.i.JtaPlatformInitiator       : HHH000490: Using JtaPlatform implementation: [org.hibernate.engine.transaction.jta.platform.internal.NoJtaPlatform]
2021-05-01 21:20:40.779  INFO 1467 --- [    Test worker] j.LocalContainerEntityManagerFactoryBean : Initialized JPA EntityManagerFactory for persistence unit 'default'
2021-05-01 21:20:42.100  WARN 1467 --- [    Test worker] JpaBaseConfiguration$JpaWebConfiguration : spring.jpa.open-in-view is enabled by default. Therefore, database queries may be performed during view rendering. Explicitly configure spring.jpa.open-in-view to disable this warning
2021-05-01 21:20:42.444  INFO 1467 --- [    Test worker] o.s.s.concurrent.ThreadPoolTaskExecutor  : Initializing ExecutorService 'applicationTaskExecutor'
2021-05-01 21:20:42.683  INFO 1467 --- [    Test worker] o.s.b.a.w.s.WelcomePageHandlerMapping    : Adding welcome page: class path resource [static/index.html]
2021-05-01 21:20:43.103  INFO 1467 --- [    Test worker] o.zerock.board.service.ReplyServiceTest  : Started ReplyServiceTest in 11.892 seconds (JVM running for 13.589)
Hibernate: 
    select
        reply0_.rno as rno1_2_,
        reply0_.moddate as moddate2_2_,
        reply0_.regdate as regdate3_2_,
        reply0_.board_bno as board_bn6_2_,
        reply0_.replyer as replyer4_2_,
        reply0_.text as text5_2_ 
    from
        reply reply0_ 
    where
        reply0_.board_bno=? 
    order by
        reply0_.rno asc
ReplyDto(rno=58, text=Reply...57, replyer=guest, bno=null, regDate=2021-04-29T10:34:33.317582, modDate=2021-04-29T10:34:33.317582)
ReplyDto(rno=154, text=Reply...153, replyer=guest, bno=null, regDate=2021-04-29T10:34:33.822131, modDate=2021-04-29T10:34:33.822131)
]]></system-out>
  <system-err><![CDATA[]]></system-err>
</testsuite>
