<?xml version="1.0" encoding="UTF-8"?>
<testsuite name="com.example.testdb.service.UserReplyServiceTest" tests="1" skipped="0" failures="0" errors="0" timestamp="2021-05-10T03:59:57" hostname="jeondaewon-ui-MacBookAir.local" time="0.386">
  <properties/>
  <testcase name="changeReply()" classname="com.example.testdb.service.UserReplyServiceTest" time="0.386"/>
  <system-out><![CDATA[12:59:50.566 [Test worker] DEBUG org.springframework.test.context.BootstrapUtils - Instantiating CacheAwareContextLoaderDelegate from class [org.springframework.test.context.cache.DefaultCacheAwareContextLoaderDelegate]
12:59:50.578 [Test worker] DEBUG org.springframework.test.context.BootstrapUtils - Instantiating BootstrapContext using constructor [public org.springframework.test.context.support.DefaultBootstrapContext(java.lang.Class,org.springframework.test.context.CacheAwareContextLoaderDelegate)]
12:59:50.684 [Test worker] DEBUG org.springframework.test.context.BootstrapUtils - Instantiating TestContextBootstrapper for test class [com.example.testdb.service.UserReplyServiceTest] from class [org.springframework.boot.test.context.SpringBootTestContextBootstrapper]
12:59:50.698 [Test worker] INFO org.springframework.boot.test.context.SpringBootTestContextBootstrapper - Neither @ContextConfiguration nor @ContextHierarchy found for test class [com.example.testdb.service.UserReplyServiceTest], using SpringBootContextLoader
12:59:50.704 [Test worker] DEBUG org.springframework.test.context.support.AbstractContextLoader - Did not detect default resource location for test class [com.example.testdb.service.UserReplyServiceTest]: class path resource [com/example/testdb/service/UserReplyServiceTest-context.xml] does not exist
12:59:50.705 [Test worker] DEBUG org.springframework.test.context.support.AbstractContextLoader - Did not detect default resource location for test class [com.example.testdb.service.UserReplyServiceTest]: class path resource [com/example/testdb/service/UserReplyServiceTestContext.groovy] does not exist
12:59:50.705 [Test worker] INFO org.springframework.test.context.support.AbstractContextLoader - Could not detect default resource locations for test class [com.example.testdb.service.UserReplyServiceTest]: no resource found for suffixes {-context.xml, Context.groovy}.
12:59:50.705 [Test worker] INFO org.springframework.test.context.support.AnnotationConfigContextLoaderUtils - Could not detect default configuration classes for test class [com.example.testdb.service.UserReplyServiceTest]: UserReplyServiceTest does not declare any static, non-private, non-final, nested classes annotated with @Configuration.
12:59:50.770 [Test worker] DEBUG org.springframework.test.context.support.ActiveProfilesUtils - Could not find an 'annotation declaring class' for annotation type [org.springframework.test.context.ActiveProfiles] and class [com.example.testdb.service.UserReplyServiceTest]
12:59:50.856 [Test worker] DEBUG org.springframework.context.annotation.ClassPathScanningCandidateComponentProvider - Identified candidate component class: file [/Users/daewon/IdeaProjects/testdb/build/classes/java/main/com/example/testdb/TestdbApplication.class]
12:59:50.858 [Test worker] INFO org.springframework.boot.test.context.SpringBootTestContextBootstrapper - Found @SpringBootConfiguration com.example.testdb.TestdbApplication for test class com.example.testdb.service.UserReplyServiceTest
12:59:50.953 [Test worker] DEBUG org.springframework.boot.test.context.SpringBootTestContextBootstrapper - @TestExecutionListeners is not present for class [com.example.testdb.service.UserReplyServiceTest]: using defaults.
12:59:50.954 [Test worker] INFO org.springframework.boot.test.context.SpringBootTestContextBootstrapper - Loaded default TestExecutionListener class names from location [META-INF/spring.factories]: [org.springframework.boot.test.autoconfigure.restdocs.RestDocsTestExecutionListener, org.springframework.boot.test.autoconfigure.web.client.MockRestServiceServerResetTestExecutionListener, org.springframework.boot.test.autoconfigure.web.servlet.MockMvcPrintOnlyOnFailureTestExecutionListener, org.springframework.boot.test.autoconfigure.web.servlet.WebDriverTestExecutionListener, org.springframework.boot.test.autoconfigure.webservices.client.MockWebServiceServerTestExecutionListener, org.springframework.boot.test.mock.mockito.MockitoTestExecutionListener, org.springframework.boot.test.mock.mockito.ResetMocksTestExecutionListener, org.springframework.test.context.web.ServletTestExecutionListener, org.springframework.test.context.support.DirtiesContextBeforeModesTestExecutionListener, org.springframework.test.context.event.ApplicationEventsTestExecutionListener, org.springframework.test.context.support.DependencyInjectionTestExecutionListener, org.springframework.test.context.support.DirtiesContextTestExecutionListener, org.springframework.test.context.transaction.TransactionalTestExecutionListener, org.springframework.test.context.jdbc.SqlScriptsTestExecutionListener, org.springframework.test.context.event.EventPublishingTestExecutionListener]
12:59:51.011 [Test worker] INFO org.springframework.boot.test.context.SpringBootTestContextBootstrapper - Using TestExecutionListeners: [org.springframework.test.context.web.ServletTestExecutionListener@79858fa, org.springframework.test.context.support.DirtiesContextBeforeModesTestExecutionListener@697d49e9, org.springframework.test.context.event.ApplicationEventsTestExecutionListener@4264b677, org.springframework.boot.test.mock.mockito.MockitoTestExecutionListener@13a158a5, org.springframework.boot.test.autoconfigure.SpringBootDependencyInjectionTestExecutionListener@563b9da3, org.springframework.test.context.support.DirtiesContextTestExecutionListener@558aa48c, org.springframework.test.context.transaction.TransactionalTestExecutionListener@323a6744, org.springframework.test.context.jdbc.SqlScriptsTestExecutionListener@2bc765d6, org.springframework.test.context.event.EventPublishingTestExecutionListener@219b3388, org.springframework.boot.test.autoconfigure.restdocs.RestDocsTestExecutionListener@21b54df3, org.springframework.boot.test.autoconfigure.web.client.MockRestServiceServerResetTestExecutionListener@40d40ec6, org.springframework.boot.test.autoconfigure.web.servlet.MockMvcPrintOnlyOnFailureTestExecutionListener@502d3adf, org.springframework.boot.test.autoconfigure.web.servlet.WebDriverTestExecutionListener@28524421, org.springframework.boot.test.autoconfigure.webservices.client.MockWebServiceServerTestExecutionListener@23034e0d, org.springframework.boot.test.mock.mockito.ResetMocksTestExecutionListener@4341c695]
12:59:51.019 [Test worker] DEBUG org.springframework.test.context.support.AbstractDirtiesContextTestExecutionListener - Before test class: context [DefaultTestContext@4dee6c4e testClass = UserReplyServiceTest, testInstance = [null], testMethod = [null], testException = [null], mergedContextConfiguration = [WebMergedContextConfiguration@6485481f testClass = UserReplyServiceTest, locations = '{}', classes = '{class com.example.testdb.TestdbApplication}', contextInitializerClasses = '[]', activeProfiles = '{}', propertySourceLocations = '{}', propertySourceProperties = '{org.springframework.boot.test.context.SpringBootTestContextBootstrapper=true}', contextCustomizers = set[org.springframework.boot.test.autoconfigure.actuate.metrics.MetricsExportContextCustomizerFactory$DisableMetricExportContextCustomizer@31b09eb8, org.springframework.boot.test.autoconfigure.properties.PropertyMappingContextCustomizer@0, org.springframework.boot.test.autoconfigure.web.servlet.WebDriverContextCustomizerFactory$Customizer@657f5fa1, org.springframework.boot.test.context.filter.ExcludeFilterContextCustomizer@698b5a85, org.springframework.boot.test.json.DuplicateJsonObjectContextCustomizerFactory$DuplicateJsonObjectContextCustomizer@94d9977, org.springframework.boot.test.mock.mockito.MockitoContextCustomizer@0, org.springframework.boot.test.web.client.TestRestTemplateContextCustomizer@3f98901d, org.springframework.boot.test.context.SpringBootTestArgs@1, org.springframework.boot.test.context.SpringBootTestWebEnvironment@6187ce8f], resourceBasePath = 'src/main/webapp', contextLoader = 'org.springframework.boot.test.context.SpringBootContextLoader', parent = [null]], attributes = map['org.springframework.test.context.web.ServletTestExecutionListener.activateListener' -> true]], class annotated with @DirtiesContext [false] with mode [null].
12:59:51.088 [Test worker] DEBUG org.springframework.test.context.support.TestPropertySourceUtils - Adding inlined properties to environment: {spring.jmx.enabled=false, org.springframework.boot.test.context.SpringBootTestContextBootstrapper=true}

  .   ____          _            __ _ _
 /\\ / ___'_ __ _ _(_)_ __  __ _ \ \ \ \
( ( )\___ | '_ | '_| | '_ \/ _` | \ \ \ \
 \\/  ___)| |_)| | | | | || (_| |  ) ) ) )
  '  |____| .__|_| |_|_| |_\__, | / / / /
 =========|_|==============|___/=/_/_/_/
 :: Spring Boot ::                (v2.4.5)

2021-05-10 12:59:51.494  INFO 1529 --- [    Test worker] c.e.testdb.service.UserReplyServiceTest  : Starting UserReplyServiceTest using Java 11.0.10 on jeondaewon-ui-MacBookAir.local with PID 1529 (started by daewon in /Users/daewon/IdeaProjects/testdb)
2021-05-10 12:59:51.499  INFO 1529 --- [    Test worker] c.e.testdb.service.UserReplyServiceTest  : No active profile set, falling back to default profiles: default
2021-05-10 12:59:52.555  INFO 1529 --- [    Test worker] .s.d.r.c.RepositoryConfigurationDelegate : Bootstrapping Spring Data JPA repositories in DEFAULT mode.
2021-05-10 12:59:52.649  INFO 1529 --- [    Test worker] .s.d.r.c.RepositoryConfigurationDelegate : Finished Spring Data repository scanning in 87 ms. Found 3 JPA repository interfaces.
2021-05-10 12:59:53.723  INFO 1529 --- [    Test worker] o.hibernate.jpa.internal.util.LogHelper  : HHH000204: Processing PersistenceUnitInfo [name: default]
2021-05-10 12:59:53.768  INFO 1529 --- [    Test worker] org.hibernate.Version                    : HHH000412: Hibernate ORM core version 5.4.30.Final
2021-05-10 12:59:53.897  INFO 1529 --- [    Test worker] o.hibernate.annotations.common.Version   : HCANN000001: Hibernate Commons Annotations {5.1.2.Final}
2021-05-10 12:59:53.998  INFO 1529 --- [    Test worker] com.zaxxer.hikari.HikariDataSource       : HikariPool-1 - Starting...
2021-05-10 12:59:54.441  INFO 1529 --- [    Test worker] com.zaxxer.hikari.HikariDataSource       : HikariPool-1 - Start completed.
2021-05-10 12:59:54.466  INFO 1529 --- [    Test worker] org.hibernate.dialect.Dialect            : HHH000400: Using dialect: org.hibernate.dialect.MySQL8Dialect
2021-05-10 12:59:55.484  INFO 1529 --- [    Test worker] o.h.e.t.j.p.i.JtaPlatformInitiator       : HHH000490: Using JtaPlatform implementation: [org.hibernate.engine.transaction.jta.platform.internal.NoJtaPlatform]
2021-05-10 12:59:55.494  INFO 1529 --- [    Test worker] j.LocalContainerEntityManagerFactoryBean : Initialized JPA EntityManagerFactory for persistence unit 'default'
2021-05-10 12:59:56.609  WARN 1529 --- [    Test worker] JpaBaseConfiguration$JpaWebConfiguration : spring.jpa.open-in-view is enabled by default. Therefore, database queries may be performed during view rendering. Explicitly configure spring.jpa.open-in-view to disable this warning
2021-05-10 12:59:57.028  INFO 1529 --- [    Test worker] o.s.s.concurrent.ThreadPoolTaskExecutor  : Initializing ExecutorService 'applicationTaskExecutor'
2021-05-10 12:59:57.635  INFO 1529 --- [    Test worker] c.e.testdb.service.UserReplyServiceTest  : Started UserReplyServiceTest in 6.538 seconds (JVM running for 8.357)
Hibernate: 
    select
        userreply0_.rno as rno1_2_0_,
        userreply0_.moddate as moddate2_2_0_,
        userreply0_.regdate as regdate3_2_0_,
        userreply0_.board_bno as board_bn6_2_0_,
        userreply0_.content as content4_2_0_,
        userreply0_.writer as writer5_2_0_ 
    from
        user_reply userreply0_ 
    where
        userreply0_.rno=?
Hibernate: 
    select
        userreply0_.rno as rno1_2_0_,
        userreply0_.moddate as moddate2_2_0_,
        userreply0_.regdate as regdate3_2_0_,
        userreply0_.board_bno as board_bn6_2_0_,
        userreply0_.content as content4_2_0_,
        userreply0_.writer as writer5_2_0_ 
    from
        user_reply userreply0_ 
    where
        userreply0_.rno=?
Hibernate: 
    update
        user_reply 
    set
        moddate=?,
        board_bno=?,
        content=?,
        writer=? 
    where
        rno=?
]]></system-out>
  <system-err><![CDATA[]]></system-err>
</testsuite>
