<?xml version="1.0" encoding="UTF-8"?>
<testsuite name="org.zerock.guestbook.repository.GuestbookRepositoryTest" tests="1" skipped="0" failures="0" errors="0" timestamp="2021-04-26T13:32:54" hostname="jeondaewon-ui-MacBookAir.local" time="0.297">
  <properties/>
  <testcase name="updateTest()" classname="org.zerock.guestbook.repository.GuestbookRepositoryTest" time="0.297"/>
  <system-out><![CDATA[22:32:47.831 [Test worker] DEBUG org.springframework.test.context.BootstrapUtils - Instantiating CacheAwareContextLoaderDelegate from class [org.springframework.test.context.cache.DefaultCacheAwareContextLoaderDelegate]
22:32:47.840 [Test worker] DEBUG org.springframework.test.context.BootstrapUtils - Instantiating BootstrapContext using constructor [public org.springframework.test.context.support.DefaultBootstrapContext(java.lang.Class,org.springframework.test.context.CacheAwareContextLoaderDelegate)]
22:32:47.889 [Test worker] DEBUG org.springframework.test.context.BootstrapUtils - Instantiating TestContextBootstrapper for test class [org.zerock.guestbook.repository.GuestbookRepositoryTest] from class [org.springframework.boot.test.context.SpringBootTestContextBootstrapper]
22:32:47.903 [Test worker] INFO org.springframework.boot.test.context.SpringBootTestContextBootstrapper - Neither @ContextConfiguration nor @ContextHierarchy found for test class [org.zerock.guestbook.repository.GuestbookRepositoryTest], using SpringBootContextLoader
22:32:47.908 [Test worker] DEBUG org.springframework.test.context.support.AbstractContextLoader - Did not detect default resource location for test class [org.zerock.guestbook.repository.GuestbookRepositoryTest]: class path resource [org/zerock/guestbook/repository/GuestbookRepositoryTest-context.xml] does not exist
22:32:47.909 [Test worker] DEBUG org.springframework.test.context.support.AbstractContextLoader - Did not detect default resource location for test class [org.zerock.guestbook.repository.GuestbookRepositoryTest]: class path resource [org/zerock/guestbook/repository/GuestbookRepositoryTestContext.groovy] does not exist
22:32:47.909 [Test worker] INFO org.springframework.test.context.support.AbstractContextLoader - Could not detect default resource locations for test class [org.zerock.guestbook.repository.GuestbookRepositoryTest]: no resource found for suffixes {-context.xml, Context.groovy}.
22:32:47.909 [Test worker] INFO org.springframework.test.context.support.AnnotationConfigContextLoaderUtils - Could not detect default configuration classes for test class [org.zerock.guestbook.repository.GuestbookRepositoryTest]: GuestbookRepositoryTest does not declare any static, non-private, non-final, nested classes annotated with @Configuration.
22:32:47.984 [Test worker] DEBUG org.springframework.test.context.support.ActiveProfilesUtils - Could not find an 'annotation declaring class' for annotation type [org.springframework.test.context.ActiveProfiles] and class [org.zerock.guestbook.repository.GuestbookRepositoryTest]
22:32:48.072 [Test worker] DEBUG org.springframework.context.annotation.ClassPathScanningCandidateComponentProvider - Identified candidate component class: file [/Users/daewon/IdeaProjects/guestbook/build/classes/java/main/org/zerock/guestbook/GuestbookApplication.class]
22:32:48.076 [Test worker] INFO org.springframework.boot.test.context.SpringBootTestContextBootstrapper - Found @SpringBootConfiguration org.zerock.guestbook.GuestbookApplication for test class org.zerock.guestbook.repository.GuestbookRepositoryTest
22:32:48.171 [Test worker] DEBUG org.springframework.boot.test.context.SpringBootTestContextBootstrapper - @TestExecutionListeners is not present for class [org.zerock.guestbook.repository.GuestbookRepositoryTest]: using defaults.
22:32:48.173 [Test worker] INFO org.springframework.boot.test.context.SpringBootTestContextBootstrapper - Loaded default TestExecutionListener class names from location [META-INF/spring.factories]: [org.springframework.boot.test.autoconfigure.restdocs.RestDocsTestExecutionListener, org.springframework.boot.test.autoconfigure.web.client.MockRestServiceServerResetTestExecutionListener, org.springframework.boot.test.autoconfigure.web.servlet.MockMvcPrintOnlyOnFailureTestExecutionListener, org.springframework.boot.test.autoconfigure.web.servlet.WebDriverTestExecutionListener, org.springframework.boot.test.autoconfigure.webservices.client.MockWebServiceServerTestExecutionListener, org.springframework.boot.test.mock.mockito.MockitoTestExecutionListener, org.springframework.boot.test.mock.mockito.ResetMocksTestExecutionListener, org.springframework.test.context.web.ServletTestExecutionListener, org.springframework.test.context.support.DirtiesContextBeforeModesTestExecutionListener, org.springframework.test.context.event.ApplicationEventsTestExecutionListener, org.springframework.test.context.support.DependencyInjectionTestExecutionListener, org.springframework.test.context.support.DirtiesContextTestExecutionListener, org.springframework.test.context.transaction.TransactionalTestExecutionListener, org.springframework.test.context.jdbc.SqlScriptsTestExecutionListener, org.springframework.test.context.event.EventPublishingTestExecutionListener]
22:32:48.191 [Test worker] INFO org.springframework.boot.test.context.SpringBootTestContextBootstrapper - Using TestExecutionListeners: [org.springframework.test.context.web.ServletTestExecutionListener@140b4691, org.springframework.test.context.support.DirtiesContextBeforeModesTestExecutionListener@132f93f, org.springframework.test.context.event.ApplicationEventsTestExecutionListener@2ffb0f22, org.springframework.boot.test.mock.mockito.MockitoTestExecutionListener@4a4cc02a, org.springframework.boot.test.autoconfigure.SpringBootDependencyInjectionTestExecutionListener@43d383c, org.springframework.test.context.support.DirtiesContextTestExecutionListener@12d0c285, org.springframework.test.context.transaction.TransactionalTestExecutionListener@65255de2, org.springframework.test.context.jdbc.SqlScriptsTestExecutionListener@49448cfc, org.springframework.test.context.event.EventPublishingTestExecutionListener@2455a130, org.springframework.boot.test.autoconfigure.restdocs.RestDocsTestExecutionListener@30059bd5, org.springframework.boot.test.autoconfigure.web.client.MockRestServiceServerResetTestExecutionListener@7f801a7a, org.springframework.boot.test.autoconfigure.web.servlet.MockMvcPrintOnlyOnFailureTestExecutionListener@12ce5a1a, org.springframework.boot.test.autoconfigure.web.servlet.WebDriverTestExecutionListener@1b9b2552, org.springframework.boot.test.autoconfigure.webservices.client.MockWebServiceServerTestExecutionListener@75ccec7, org.springframework.boot.test.mock.mockito.ResetMocksTestExecutionListener@7870579c]
22:32:48.261 [Test worker] DEBUG org.springframework.test.context.support.AbstractDirtiesContextTestExecutionListener - Before test class: context [DefaultTestContext@31e102f3 testClass = GuestbookRepositoryTest, testInstance = [null], testMethod = [null], testException = [null], mergedContextConfiguration = [WebMergedContextConfiguration@4367b291 testClass = GuestbookRepositoryTest, locations = '{}', classes = '{class org.zerock.guestbook.GuestbookApplication}', contextInitializerClasses = '[]', activeProfiles = '{}', propertySourceLocations = '{}', propertySourceProperties = '{org.springframework.boot.test.context.SpringBootTestContextBootstrapper=true}', contextCustomizers = set[org.springframework.boot.test.autoconfigure.actuate.metrics.MetricsExportContextCustomizerFactory$DisableMetricExportContextCustomizer@5d90b3ab, org.springframework.boot.test.autoconfigure.properties.PropertyMappingContextCustomizer@0, org.springframework.boot.test.autoconfigure.web.servlet.WebDriverContextCustomizerFactory$Customizer@6ec21021, org.springframework.boot.test.context.filter.ExcludeFilterContextCustomizer@e6805d5, org.springframework.boot.test.json.DuplicateJsonObjectContextCustomizerFactory$DuplicateJsonObjectContextCustomizer@aa36eeb, org.springframework.boot.test.mock.mockito.MockitoContextCustomizer@0, org.springframework.boot.test.web.client.TestRestTemplateContextCustomizer@3f99b791, org.springframework.boot.test.context.SpringBootTestArgs@1, org.springframework.boot.test.context.SpringBootTestWebEnvironment@5d15be39], resourceBasePath = 'src/main/webapp', contextLoader = 'org.springframework.boot.test.context.SpringBootContextLoader', parent = [null]], attributes = map['org.springframework.test.context.web.ServletTestExecutionListener.activateListener' -> true]], class annotated with @DirtiesContext [false] with mode [null].
22:32:48.335 [Test worker] DEBUG org.springframework.test.context.support.TestPropertySourceUtils - Adding inlined properties to environment: {spring.jmx.enabled=false, org.springframework.boot.test.context.SpringBootTestContextBootstrapper=true}

  .   ____          _            __ _ _
 /\\ / ___'_ __ _ _(_)_ __  __ _ \ \ \ \
( ( )\___ | '_ | '_| | '_ \/ _` | \ \ \ \
 \\/  ___)| |_)| | | | | || (_| |  ) ) ) )
  '  |____| .__|_| |_|_| |_\__, | / / / /
 =========|_|==============|___/=/_/_/_/
 :: Spring Boot ::                (v2.4.5)

2021-04-26 22:32:48.763  INFO 1419 --- [    Test worker] o.z.g.r.GuestbookRepositoryTest          : Starting GuestbookRepositoryTest using Java 11.0.10 on jeondaewon-ui-MacBookAir.local with PID 1419 (started by daewon in /Users/daewon/IdeaProjects/guestbook)
2021-04-26 22:32:48.767  INFO 1419 --- [    Test worker] o.z.g.r.GuestbookRepositoryTest          : No active profile set, falling back to default profiles: default
2021-04-26 22:32:49.936  INFO 1419 --- [    Test worker] .s.d.r.c.RepositoryConfigurationDelegate : Bootstrapping Spring Data JPA repositories in DEFAULT mode.
2021-04-26 22:32:50.012  INFO 1419 --- [    Test worker] .s.d.r.c.RepositoryConfigurationDelegate : Finished Spring Data repository scanning in 69 ms. Found 1 JPA repository interfaces.
2021-04-26 22:32:51.102  INFO 1419 --- [    Test worker] o.hibernate.jpa.internal.util.LogHelper  : HHH000204: Processing PersistenceUnitInfo [name: default]
2021-04-26 22:32:51.149  INFO 1419 --- [    Test worker] org.hibernate.Version                    : HHH000412: Hibernate ORM core version 5.4.30.Final
2021-04-26 22:32:51.281  INFO 1419 --- [    Test worker] o.hibernate.annotations.common.Version   : HCANN000001: Hibernate Commons Annotations {5.1.2.Final}
2021-04-26 22:32:51.385  INFO 1419 --- [    Test worker] com.zaxxer.hikari.HikariDataSource       : HikariPool-1 - Starting...
2021-04-26 22:32:51.833  INFO 1419 --- [    Test worker] com.zaxxer.hikari.HikariDataSource       : HikariPool-1 - Start completed.
2021-04-26 22:32:51.860  INFO 1419 --- [    Test worker] org.hibernate.dialect.Dialect            : HHH000400: Using dialect: org.hibernate.dialect.MySQL8Dialect
2021-04-26 22:32:52.771  INFO 1419 --- [    Test worker] o.h.e.t.j.p.i.JtaPlatformInitiator       : HHH000490: Using JtaPlatform implementation: [org.hibernate.engine.transaction.jta.platform.internal.NoJtaPlatform]
2021-04-26 22:32:52.796  INFO 1419 --- [    Test worker] j.LocalContainerEntityManagerFactoryBean : Initialized JPA EntityManagerFactory for persistence unit 'default'
2021-04-26 22:32:53.706  WARN 1419 --- [    Test worker] JpaBaseConfiguration$JpaWebConfiguration : spring.jpa.open-in-view is enabled by default. Therefore, database queries may be performed during view rendering. Explicitly configure spring.jpa.open-in-view to disable this warning
2021-04-26 22:32:54.001  INFO 1419 --- [    Test worker] o.s.s.concurrent.ThreadPoolTaskExecutor  : Initializing ExecutorService 'applicationTaskExecutor'
2021-04-26 22:32:54.232  INFO 1419 --- [    Test worker] o.s.b.a.w.s.WelcomePageHandlerMapping    : Adding welcome page: class path resource [static/index.html]
2021-04-26 22:32:54.624  INFO 1419 --- [    Test worker] o.z.g.r.GuestbookRepositoryTest          : Started GuestbookRepositoryTest in 6.28 seconds (JVM running for 8.097)
Hibernate: 
    select
        guestbook0_.gno as gno1_0_0_,
        guestbook0_.moddate as moddate2_0_0_,
        guestbook0_.regdate as regdate3_0_0_,
        guestbook0_.content as content4_0_0_,
        guestbook0_.title as title5_0_0_,
        guestbook0_.writer as writer6_0_0_ 
    from
        guestbook guestbook0_ 
    where
        guestbook0_.gno=?
Hibernate: 
    select
        guestbook0_.gno as gno1_0_0_,
        guestbook0_.moddate as moddate2_0_0_,
        guestbook0_.regdate as regdate3_0_0_,
        guestbook0_.content as content4_0_0_,
        guestbook0_.title as title5_0_0_,
        guestbook0_.writer as writer6_0_0_ 
    from
        guestbook guestbook0_ 
    where
        guestbook0_.gno=?
Hibernate: 
    update
        guestbook 
    set
        moddate=?,
        content=?,
        title=?,
        writer=? 
    where
        gno=?
]]></system-out>
  <system-err><![CDATA[]]></system-err>
</testsuite>
