<?xml version="1.0" encoding="UTF-8"?>
<testsuite name="org.zerock.ex1.Ex1ApplicationTests" tests="1" skipped="0" failures="0" errors="0" timestamp="2021-04-19T11:26:25" hostname="jeondaewon-ui-MacBookAir.local" time="0.293">
  <properties/>
  <testcase name="contextLoads()" classname="org.zerock.ex1.Ex1ApplicationTests" time="0.293"/>
  <system-out><![CDATA[20:26:22.609 [Test worker] DEBUG org.springframework.test.context.BootstrapUtils - Instantiating CacheAwareContextLoaderDelegate from class [org.springframework.test.context.cache.DefaultCacheAwareContextLoaderDelegate]
20:26:22.621 [Test worker] DEBUG org.springframework.test.context.BootstrapUtils - Instantiating BootstrapContext using constructor [public org.springframework.test.context.support.DefaultBootstrapContext(java.lang.Class,org.springframework.test.context.CacheAwareContextLoaderDelegate)]
20:26:22.665 [Test worker] DEBUG org.springframework.test.context.BootstrapUtils - Instantiating TestContextBootstrapper for test class [org.zerock.ex1.Ex1ApplicationTests] from class [org.springframework.boot.test.context.SpringBootTestContextBootstrapper]
20:26:22.675 [Test worker] INFO org.springframework.boot.test.context.SpringBootTestContextBootstrapper - Neither @ContextConfiguration nor @ContextHierarchy found for test class [org.zerock.ex1.Ex1ApplicationTests], using SpringBootContextLoader
20:26:22.683 [Test worker] DEBUG org.springframework.test.context.support.AbstractContextLoader - Did not detect default resource location for test class [org.zerock.ex1.Ex1ApplicationTests]: class path resource [org/zerock/ex1/Ex1ApplicationTests-context.xml] does not exist
20:26:22.684 [Test worker] DEBUG org.springframework.test.context.support.AbstractContextLoader - Did not detect default resource location for test class [org.zerock.ex1.Ex1ApplicationTests]: class path resource [org/zerock/ex1/Ex1ApplicationTestsContext.groovy] does not exist
20:26:22.684 [Test worker] INFO org.springframework.test.context.support.AbstractContextLoader - Could not detect default resource locations for test class [org.zerock.ex1.Ex1ApplicationTests]: no resource found for suffixes {-context.xml, Context.groovy}.
20:26:22.684 [Test worker] INFO org.springframework.test.context.support.AnnotationConfigContextLoaderUtils - Could not detect default configuration classes for test class [org.zerock.ex1.Ex1ApplicationTests]: Ex1ApplicationTests does not declare any static, non-private, non-final, nested classes annotated with @Configuration.
20:26:22.744 [Test worker] DEBUG org.springframework.test.context.support.ActiveProfilesUtils - Could not find an 'annotation declaring class' for annotation type [org.springframework.test.context.ActiveProfiles] and class [org.zerock.ex1.Ex1ApplicationTests]
20:26:22.820 [Test worker] DEBUG org.springframework.context.annotation.ClassPathScanningCandidateComponentProvider - Identified candidate component class: file [/Users/daewon/IdeaProjects/ex1/build/classes/java/main/org/zerock/ex1/Ex1Application.class]
20:26:22.823 [Test worker] INFO org.springframework.boot.test.context.SpringBootTestContextBootstrapper - Found @SpringBootConfiguration org.zerock.ex1.Ex1Application for test class org.zerock.ex1.Ex1ApplicationTests
20:26:22.923 [Test worker] DEBUG org.springframework.boot.test.context.SpringBootTestContextBootstrapper - @TestExecutionListeners is not present for class [org.zerock.ex1.Ex1ApplicationTests]: using defaults.
20:26:22.924 [Test worker] INFO org.springframework.boot.test.context.SpringBootTestContextBootstrapper - Loaded default TestExecutionListener class names from location [META-INF/spring.factories]: [org.springframework.boot.test.autoconfigure.restdocs.RestDocsTestExecutionListener, org.springframework.boot.test.autoconfigure.web.client.MockRestServiceServerResetTestExecutionListener, org.springframework.boot.test.autoconfigure.web.servlet.MockMvcPrintOnlyOnFailureTestExecutionListener, org.springframework.boot.test.autoconfigure.web.servlet.WebDriverTestExecutionListener, org.springframework.boot.test.autoconfigure.webservices.client.MockWebServiceServerTestExecutionListener, org.springframework.boot.test.mock.mockito.MockitoTestExecutionListener, org.springframework.boot.test.mock.mockito.ResetMocksTestExecutionListener, org.springframework.test.context.web.ServletTestExecutionListener, org.springframework.test.context.support.DirtiesContextBeforeModesTestExecutionListener, org.springframework.test.context.event.ApplicationEventsTestExecutionListener, org.springframework.test.context.support.DependencyInjectionTestExecutionListener, org.springframework.test.context.support.DirtiesContextTestExecutionListener, org.springframework.test.context.transaction.TransactionalTestExecutionListener, org.springframework.test.context.jdbc.SqlScriptsTestExecutionListener, org.springframework.test.context.event.EventPublishingTestExecutionListener]
20:26:22.934 [Test worker] DEBUG org.springframework.boot.test.context.SpringBootTestContextBootstrapper - Skipping candidate TestExecutionListener [org.springframework.test.context.transaction.TransactionalTestExecutionListener] due to a missing dependency. Specify custom listener classes or make the default listener classes and their required dependencies available. Offending class: [org/springframework/transaction/interceptor/TransactionAttributeSource]
20:26:22.935 [Test worker] DEBUG org.springframework.boot.test.context.SpringBootTestContextBootstrapper - Skipping candidate TestExecutionListener [org.springframework.test.context.jdbc.SqlScriptsTestExecutionListener] due to a missing dependency. Specify custom listener classes or make the default listener classes and their required dependencies available. Offending class: [org/springframework/transaction/interceptor/TransactionAttribute]
20:26:22.935 [Test worker] INFO org.springframework.boot.test.context.SpringBootTestContextBootstrapper - Using TestExecutionListeners: [org.springframework.test.context.web.ServletTestExecutionListener@359dbdea, org.springframework.test.context.support.DirtiesContextBeforeModesTestExecutionListener@14d18d1e, org.springframework.test.context.event.ApplicationEventsTestExecutionListener@1d44e439, org.springframework.boot.test.mock.mockito.MockitoTestExecutionListener@36dad108, org.springframework.boot.test.autoconfigure.SpringBootDependencyInjectionTestExecutionListener@6ef048d4, org.springframework.test.context.support.DirtiesContextTestExecutionListener@76d18169, org.springframework.test.context.event.EventPublishingTestExecutionListener@4c8ed6a6, org.springframework.boot.test.autoconfigure.restdocs.RestDocsTestExecutionListener@2c3c0cae, org.springframework.boot.test.autoconfigure.web.client.MockRestServiceServerResetTestExecutionListener@40665715, org.springframework.boot.test.autoconfigure.web.servlet.MockMvcPrintOnlyOnFailureTestExecutionListener@3ac65cb9, org.springframework.boot.test.autoconfigure.web.servlet.WebDriverTestExecutionListener@4796a1, org.springframework.boot.test.autoconfigure.webservices.client.MockWebServiceServerTestExecutionListener@4cd2b37b, org.springframework.boot.test.mock.mockito.ResetMocksTestExecutionListener@3efe8b0b]
20:26:22.939 [Test worker] DEBUG org.springframework.test.context.support.AbstractDirtiesContextTestExecutionListener - Before test class: context [DefaultTestContext@5f2037d testClass = Ex1ApplicationTests, testInstance = [null], testMethod = [null], testException = [null], mergedContextConfiguration = [WebMergedContextConfiguration@e586396 testClass = Ex1ApplicationTests, locations = '{}', classes = '{class org.zerock.ex1.Ex1Application}', contextInitializerClasses = '[]', activeProfiles = '{}', propertySourceLocations = '{}', propertySourceProperties = '{org.springframework.boot.test.context.SpringBootTestContextBootstrapper=true}', contextCustomizers = set[org.springframework.boot.test.autoconfigure.actuate.metrics.MetricsExportContextCustomizerFactory$DisableMetricExportContextCustomizer@59f672c9, org.springframework.boot.test.autoconfigure.properties.PropertyMappingContextCustomizer@0, org.springframework.boot.test.autoconfigure.web.servlet.WebDriverContextCustomizerFactory$Customizer@60b5c1c0, org.springframework.boot.test.context.filter.ExcludeFilterContextCustomizer@3b458a51, org.springframework.boot.test.json.DuplicateJsonObjectContextCustomizerFactory$DuplicateJsonObjectContextCustomizer@5697ac8f, org.springframework.boot.test.mock.mockito.MockitoContextCustomizer@0, org.springframework.boot.test.web.client.TestRestTemplateContextCustomizer@33226944, org.springframework.boot.test.context.SpringBootTestArgs@1, org.springframework.boot.test.context.SpringBootTestWebEnvironment@568035a], resourceBasePath = 'src/main/webapp', contextLoader = 'org.springframework.boot.test.context.SpringBootContextLoader', parent = [null]], attributes = map['org.springframework.test.context.web.ServletTestExecutionListener.activateListener' -> true]], class annotated with @DirtiesContext [false] with mode [null].
20:26:22.981 [Test worker] DEBUG org.springframework.test.context.support.TestPropertySourceUtils - Adding inlined properties to environment: {spring.jmx.enabled=false, org.springframework.boot.test.context.SpringBootTestContextBootstrapper=true}

  .   ____          _            __ _ _
 /\\ / ___'_ __ _ _(_)_ __  __ _ \ \ \ \
( ( )\___ | '_ | '_| | '_ \/ _` | \ \ \ \
 \\/  ___)| |_)| | | | | || (_| |  ) ) ) )
  '  |____| .__|_| |_|_| |_\__, | / / / /
 =========|_|==============|___/=/_/_/_/
 :: Spring Boot ::                (v2.4.5)

2021-04-19 20:26:23.495  INFO 1033 --- [    Test worker] org.zerock.ex1.Ex1ApplicationTests       : Starting Ex1ApplicationTests using Java 11.0.10 on jeondaewon-ui-MacBookAir.local with PID 1033 (started by daewon in /Users/daewon/IdeaProjects/ex1)
2021-04-19 20:26:23.502  INFO 1033 --- [    Test worker] org.zerock.ex1.Ex1ApplicationTests       : No active profile set, falling back to default profiles: default
2021-04-19 20:26:25.412  INFO 1033 --- [    Test worker] o.s.s.concurrent.ThreadPoolTaskExecutor  : Initializing ExecutorService 'applicationTaskExecutor'
2021-04-19 20:26:25.823  INFO 1033 --- [    Test worker] org.zerock.ex1.Ex1ApplicationTests       : Started Ex1ApplicationTests in 2.83 seconds (JVM running for 4.345)
contextLoads...
]]></system-out>
  <system-err><![CDATA[]]></system-err>
</testsuite>
